Arguments: 
  /usr/local/bin/node /usr/local/bin/yarn add solc^0.5.12

PATH: 
  /Users/cameronfranz/google-cloud-sdk/bin:/Users/cameronfranz/torch/install/bin:/Users/cameronfranz/anaconda3/bin:/usr/local/bin:/usr/bin:/bin:/usr/sbin:/sbin:/opt/X11/bin:/usr/texbin:/Users/cameronfranz/go/bin:/Users/cameronfranz/go/bin:/usr/local/texlive/2014/bin/x86_64-darwin:/Users/cameronfranz/.local/bin:/usr/local/bin:/usr/bin:/bin:/usr/sbin:/sbin:/Library/TeX/texbin:/usr/local/go/bin:/opt/X11/bin:/Applications/Wireshark.app/Contents/MacOS

Yarn version: 
  1.19.0

Node version: 
  10.16.0

Platform: 
  darwin x64

Trace: 
  Error: https://registry.yarnpkg.com/solc%5E0.5.12: Not found
      at Request.params.callback [as _callback] (/Users/cameronfranz/.config/yarn/global/node_modules/yarn/lib/cli.js:66918:18)
      at Request.self.callback (/Users/cameronfranz/.config/yarn/global/node_modules/yarn/lib/cli.js:140539:22)
      at Request.emit (events.js:198:13)
      at Request.<anonymous> (/Users/cameronfranz/.config/yarn/global/node_modules/yarn/lib/cli.js:141511:10)
      at Request.emit (events.js:198:13)
      at IncomingMessage.<anonymous> (/Users/cameronfranz/.config/yarn/global/node_modules/yarn/lib/cli.js:141433:12)
      at Object.onceWrapper (events.js:286:20)
      at IncomingMessage.emit (events.js:203:15)
      at endReadableNT (_stream_readable.js:1129:12)
      at process._tickCallback (internal/process/next_tick.js:63:19)

npm manifest: 
  {
    "name": "onchain",
    "version": "1.0.0",
    "main": "index.js",
    "license": "MIT",
    "dependencies": {
      "ethereumjs-abi": "^0.6.8",
      "ethereumjs-tx": "^2.1.2",
      "ethereumjs-vm": "^4.1.3"
    }
  }

yarn manifest: 
  No manifest

Lockfile: 
  # THIS IS AN AUTOGENERATED FILE. DO NOT EDIT THIS FILE DIRECTLY.
  # yarn lockfile v1
  
  
  "@types/bn.js@^4.11.3":
    version "4.11.6"
    resolved "https://registry.yarnpkg.com/@types/bn.js/-/bn.js-4.11.6.tgz#c306c70d9358aaea33cd4eda092a742b9505967c"
    integrity sha512-pqr857jrp2kPuO9uRjZ3PwnJTjoQy+fcdxvBTvHm6dkmEL9q+hDD/2j/0ELOBPtPnS8LjCX0gI9nbl8lVkadpg==
    dependencies:
      "@types/node" "*"
  
  "@types/node@*":
    version "13.9.1"
    resolved "https://registry.yarnpkg.com/@types/node/-/node-13.9.1.tgz#96f606f8cd67fb018847d9b61e93997dabdefc72"
    integrity sha512-E6M6N0blf/jiZx8Q3nb0vNaswQeEyn0XlupO+xN6DtJ6r6IT4nXrTry7zhIfYvFCl3/8Cu6WIysmUBKiqV0bqQ==
  
  abstract-leveldown@^5.0.0, abstract-leveldown@~5.0.0:
    version "5.0.0"
    resolved "https://registry.yarnpkg.com/abstract-leveldown/-/abstract-leveldown-5.0.0.tgz#f7128e1f86ccabf7d2893077ce5d06d798e386c6"
    integrity sha512-5mU5P1gXtsMIXg65/rsYGsi93+MlogXZ9FA8JnwKurHQg64bfXwGYVdVdijNTVNOlAsuIiOwHdvFFD5JqCJQ7A==
    dependencies:
      xtend "~4.0.0"
  
  abstract-leveldown@~2.6.0:
    version "2.6.3"
    resolved "https://registry.yarnpkg.com/abstract-leveldown/-/abstract-leveldown-2.6.3.tgz#1c5e8c6a5ef965ae8c35dfb3a8770c476b82c4b8"
    integrity sha512-2++wDf/DYqkPR3o5tbfdhF96EfMApo1GpPfzOsR/ZYXdkSmELlvOOEAl9iKkRsktMPHdGjO4rtkBpf2I7TiTeA==
    dependencies:
      xtend "~4.0.0"
  
  abstract-leveldown@~2.7.1:
    version "2.7.2"
    resolved "https://registry.yarnpkg.com/abstract-leveldown/-/abstract-leveldown-2.7.2.tgz#87a44d7ebebc341d59665204834c8b7e0932cc93"
    integrity sha512-+OVvxH2rHVEhWLdbudP6p0+dNMXu8JA1CbhP19T8paTYAcX7oJ4OVjT+ZUVpv7mITxXHqDMej+GdqXBmXkw09w==
    dependencies:
      xtend "~4.0.0"
  
  async-eventemitter@^0.2.2:
    version "0.2.4"
    resolved "https://registry.yarnpkg.com/async-eventemitter/-/async-eventemitter-0.2.4.tgz#f5e7c8ca7d3e46aab9ec40a292baf686a0bafaca"
    integrity sha512-pd20BwL7Yt1zwDFy+8MX8F1+WCT8aQeKj0kQnTrH9WaeRETlRamVhD0JtRPmrV4GfOJ2F9CvdQkZeZhnh2TuHw==
    dependencies:
      async "^2.4.0"
  
  async@^1.4.2:
    version "1.5.2"
    resolved "https://registry.yarnpkg.com/async/-/async-1.5.2.tgz#ec6a61ae56480c0c3cb241c95618e20892f9672a"
    integrity sha1-7GphrlZIDAw8skHJVhjiCJL5Zyo=
  
  async@^2.0.1, async@^2.1.2, async@^2.4.0, async@^2.6.1:
    version "2.6.3"
    resolved "https://registry.yarnpkg.com/async/-/async-2.6.3.tgz#d72625e2344a3656e3a3ad4fa749fa83299d82ff"
    integrity sha512-zflvls11DCy+dQWzTW2dzuilv8Z5X/pjfmZOWba6TNIVDm+2UDaJmXSOXlasHKfNBs8oo3M0aT50fDEWfKZjXg==
    dependencies:
      lodash "^4.17.14"
  
  bindings@^1.2.1, bindings@^1.5.0:
    version "1.5.0"
    resolved "https://registry.yarnpkg.com/bindings/-/bindings-1.5.0.tgz#10353c9e945334bc0511a6d90b38fbc7c9c504df"
    integrity sha512-p2q/t/mhvuOj/UeLlV6566GD/guowlr0hHxClI0W9m7MWYkL1F0hLo+0Aexs9HSPCtR1SXQ0TD3MMKrXZajbiQ==
    dependencies:
      file-uri-to-path "1.0.0"
  
  bip66@^1.1.5:
    version "1.1.5"
    resolved "https://registry.yarnpkg.com/bip66/-/bip66-1.1.5.tgz#01fa8748785ca70955d5011217d1b3139969ca22"
    integrity sha1-AfqHSHhcpwlV1QESF9GzE5lpyiI=
    dependencies:
      safe-buffer "^5.0.1"
  
  bn.js@^4.0.0, bn.js@^4.11.0, bn.js@^4.11.1, bn.js@^4.11.8, bn.js@^4.4.0, bn.js@^4.8.0:
    version "4.11.8"
    resolved "https://registry.yarnpkg.com/bn.js/-/bn.js-4.11.8.tgz#2cde09eb5ee341f484746bb0309b3253b1b1442f"
    integrity sha512-ItfYfPLkWHUjckQCk8xC+LwxgK8NYcXywGigJgSwOP8Y2iyWT4f2vsZnoOXTTbo+o5yXmIUJ4gn5538SO5S3gA==
  
  brorand@^1.0.1:
    version "1.1.0"
    resolved "https://registry.yarnpkg.com/brorand/-/brorand-1.1.0.tgz#12c25efe40a45e3c323eb8675a0a0ce57b22371f"
    integrity sha1-EsJe/kCkXjwyPrhnWgoM5XsiNx8=
  
  browserify-aes@^1.0.6:
    version "1.2.0"
    resolved "https://registry.yarnpkg.com/browserify-aes/-/browserify-aes-1.2.0.tgz#326734642f403dabc3003209853bb70ad428ef48"
    integrity sha512-+7CHXqGuspUn/Sl5aO7Ea0xWGAtETPXNSAjHo48JfLdPWcMng33Xe4znFvQweqc/uzk5zSOI3H52CYnjCfb5hA==
    dependencies:
      buffer-xor "^1.0.3"
      cipher-base "^1.0.0"
      create-hash "^1.1.0"
      evp_bytestokey "^1.0.3"
      inherits "^2.0.1"
      safe-buffer "^5.0.1"
  
  browserify-sha3@^0.0.4:
    version "0.0.4"
    resolved "https://registry.yarnpkg.com/browserify-sha3/-/browserify-sha3-0.0.4.tgz#086c47b8c82316c9d47022c26185954576dd8e26"
    integrity sha1-CGxHuMgjFsnUcCLCYYWVRXbdjiY=
    dependencies:
      js-sha3 "^0.6.1"
      safe-buffer "^5.1.1"
  
  buffer-xor@^1.0.3:
    version "1.0.3"
    resolved "https://registry.yarnpkg.com/buffer-xor/-/buffer-xor-1.0.3.tgz#26e61ed1422fb70dd42e6e36729ed51d855fe8d9"
    integrity sha1-JuYe0UIvtw3ULm42cp7VHYVf6Nk=
  
  checkpoint-store@^1.1.0:
    version "1.1.0"
    resolved "https://registry.yarnpkg.com/checkpoint-store/-/checkpoint-store-1.1.0.tgz#04e4cb516b91433893581e6d4601a78e9552ea06"
    integrity sha1-BOTLUWuRQziTWB5tRgGnjpVS6gY=
    dependencies:
      functional-red-black-tree "^1.0.1"
  
  cipher-base@^1.0.0, cipher-base@^1.0.1, cipher-base@^1.0.3:
    version "1.0.4"
    resolved "https://registry.yarnpkg.com/cipher-base/-/cipher-base-1.0.4.tgz#8760e4ecc272f4c363532f926d874aae2c1397de"
    integrity sha512-Kkht5ye6ZGmwv40uUDZztayT2ThLQGfnj/T71N/XzeZeo3nf8foyW7zGTsPYkEya3m5f3cAypH+qe7YOrM1U2Q==
    dependencies:
      inherits "^2.0.1"
      safe-buffer "^5.0.1"
  
  core-js-pure@^3.0.1:
    version "3.6.4"
    resolved "https://registry.yarnpkg.com/core-js-pure/-/core-js-pure-3.6.4.tgz#4bf1ba866e25814f149d4e9aaa08c36173506e3a"
    integrity sha512-epIhRLkXdgv32xIUFaaAry2wdxZYBi6bgM7cB136dzzXXa+dFyRLTZeLUJxnd8ShrmyVXBub63n2NHo2JAt8Cw==
  
  core-util-is@~1.0.0:
    version "1.0.2"
    resolved "https://registry.yarnpkg.com/core-util-is/-/core-util-is-1.0.2.tgz#b5fd54220aa2bc5ab57aab7140c940754503c1a7"
    integrity sha1-tf1UIgqivFq1eqtxQMlAdUUDwac=
  
  create-hash@^1.1.0, create-hash@^1.1.2, create-hash@^1.2.0:
    version "1.2.0"
    resolved "https://registry.yarnpkg.com/create-hash/-/create-hash-1.2.0.tgz#889078af11a63756bcfb59bd221996be3a9ef196"
    integrity sha512-z00bCGNHDG8mHAkP7CtT1qVu+bFQUPjYq/4Iv3C3kWjTFV10zIjfSoeqXo9Asws8gwSHDGj/hl2u4OGIjapeCg==
    dependencies:
      cipher-base "^1.0.1"
      inherits "^2.0.1"
      md5.js "^1.3.4"
      ripemd160 "^2.0.1"
      sha.js "^2.4.0"
  
  create-hmac@^1.1.4:
    version "1.1.7"
    resolved "https://registry.yarnpkg.com/create-hmac/-/create-hmac-1.1.7.tgz#69170c78b3ab957147b2b8b04572e47ead2243ff"
    integrity sha512-MJG9liiZ+ogc4TzUwuvbER1JRdgvUFSB5+VR/g5h82fGaIRWMWddtKBHi7/sVhfjQZ6SehlyhvQYrcYkaUIpLg==
    dependencies:
      cipher-base "^1.0.3"
      create-hash "^1.1.0"
      inherits "^2.0.1"
      ripemd160 "^2.0.0"
      safe-buffer "^5.0.1"
      sha.js "^2.4.8"
  
  deferred-leveldown@~1.2.1:
    version "1.2.2"
    resolved "https://registry.yarnpkg.com/deferred-leveldown/-/deferred-leveldown-1.2.2.tgz#3acd2e0b75d1669924bc0a4b642851131173e1eb"
    integrity sha512-uukrWD2bguRtXilKt6cAWKyoXrTSMo5m7crUdLfWQmu8kIm88w3QZoUL+6nhpfKVmhHANER6Re3sKoNoZ3IKMA==
    dependencies:
      abstract-leveldown "~2.6.0"
  
  deferred-leveldown@~4.0.0:
    version "4.0.2"
    resolved "https://registry.yarnpkg.com/deferred-leveldown/-/deferred-leveldown-4.0.2.tgz#0b0570087827bf480a23494b398f04c128c19a20"
    integrity sha512-5fMC8ek8alH16QiV0lTCis610D1Zt1+LA4MS4d63JgS32lrCjTFDUFz2ao09/j2I4Bqb5jL4FZYwu7Jz0XO1ww==
    dependencies:
      abstract-leveldown "~5.0.0"
      inherits "^2.0.3"
  
  define-properties@^1.1.2, define-properties@^1.1.3:
    version "1.1.3"
    resolved "https://registry.yarnpkg.com/define-properties/-/define-properties-1.1.3.tgz#cf88da6cbee26fe6db7094f61d870cbd84cee9f1"
    integrity sha512-3MqfYKj2lLzdMSf8ZIZE/V+Zuy+BgD6f164e8K2w7dgnpKArBDerGYpM46IYYcjnkdPNMjPk9A6VFB8+3SKlXQ==
    dependencies:
      object-keys "^1.0.12"
  
  drbg.js@^1.0.1:
    version "1.0.1"
    resolved "https://registry.yarnpkg.com/drbg.js/-/drbg.js-1.0.1.tgz#3e36b6c42b37043823cdbc332d58f31e2445480b"
    integrity sha1-Pja2xCs3BDgjzbwzLVjzHiRFSAs=
    dependencies:
      browserify-aes "^1.0.6"
      create-hash "^1.1.2"
      create-hmac "^1.1.4"
  
  elliptic@^6.5.2:
    version "6.5.2"
    resolved "https://registry.yarnpkg.com/elliptic/-/elliptic-6.5.2.tgz#05c5678d7173c049d8ca433552224a495d0e3762"
    integrity sha512-f4x70okzZbIQl/NSRLkI/+tteV/9WqL98zx+SQ69KbXxmVrmjwsNUPn/gYJJ0sHvEak24cZgHIPegRePAtA/xw==
    dependencies:
      bn.js "^4.4.0"
      brorand "^1.0.1"
      hash.js "^1.0.0"
      hmac-drbg "^1.0.0"
      inherits "^2.0.1"
      minimalistic-assert "^1.0.0"
      minimalistic-crypto-utils "^1.0.0"
  
  encoding-down@~5.0.0:
    version "5.0.4"
    resolved "https://registry.yarnpkg.com/encoding-down/-/encoding-down-5.0.4.tgz#1e477da8e9e9d0f7c8293d320044f8b2cd8e9614"
    integrity sha512-8CIZLDcSKxgzT+zX8ZVfgNbu8Md2wq/iqa1Y7zyVR18QBEAc0Nmzuvj/N5ykSKpfGzjM8qxbaFntLPwnVoUhZw==
    dependencies:
      abstract-leveldown "^5.0.0"
      inherits "^2.0.3"
      level-codec "^9.0.0"
      level-errors "^2.0.0"
      xtend "^4.0.1"
  
  errno@~0.1.1:
    version "0.1.7"
    resolved "https://registry.yarnpkg.com/errno/-/errno-0.1.7.tgz#4684d71779ad39af177e3f007996f7c67c852618"
    integrity sha512-MfrRBDWzIWifgq6tJj60gkAwtLNb6sQPlcFrSOflcP1aFmmruKQ2wRnze/8V6kgyz7H3FF8Npzv78mZ7XLLflg==
    dependencies:
      prr "~1.0.1"
  
  es-abstract@^1.17.0-next.1, es-abstract@^1.17.2:
    version "1.17.4"
    resolved "https://registry.yarnpkg.com/es-abstract/-/es-abstract-1.17.4.tgz#e3aedf19706b20e7c2594c35fc0d57605a79e184"
    integrity sha512-Ae3um/gb8F0mui/jPL+QiqmglkUsaQf7FwBEHYIFkztkneosu9imhqHpBzQ3h1vit8t5iQ74t6PEVvphBZiuiQ==
    dependencies:
      es-to-primitive "^1.2.1"
      function-bind "^1.1.1"
      has "^1.0.3"
      has-symbols "^1.0.1"
      is-callable "^1.1.5"
      is-regex "^1.0.5"
      object-inspect "^1.7.0"
      object-keys "^1.1.1"
      object.assign "^4.1.0"
      string.prototype.trimleft "^2.1.1"
      string.prototype.trimright "^2.1.1"
  
  es-to-primitive@^1.2.1:
    version "1.2.1"
    resolved "https://registry.yarnpkg.com/es-to-primitive/-/es-to-primitive-1.2.1.tgz#e55cd4c9cdc188bcefb03b366c736323fc5c898a"
    integrity sha512-QCOllgZJtaUo9miYBcLChTUaHNjJF3PYs1VidD7AwiEj1kYxKeQTctLAezAOH5ZKRH0g2IgPn6KwB4IT8iRpvA==
    dependencies:
      is-callable "^1.1.4"
      is-date-object "^1.0.1"
      is-symbol "^1.0.2"
  
  ethashjs@~0.0.7:
    version "0.0.7"
    resolved "https://registry.yarnpkg.com/ethashjs/-/ethashjs-0.0.7.tgz#30bfe4196726690a0c59d3b8272e70d4d0c34bae"
    integrity sha1-ML/kGWcmaQoMWdO4Jy5w1NDDS64=
    dependencies:
      async "^1.4.2"
      buffer-xor "^1.0.3"
      ethereumjs-util "^4.0.1"
      miller-rabin "^4.0.0"
  
  ethereumjs-abi@^0.6.8:
    version "0.6.8"
    resolved "https://registry.yarnpkg.com/ethereumjs-abi/-/ethereumjs-abi-0.6.8.tgz#71bc152db099f70e62f108b7cdfca1b362c6fcae"
    integrity sha512-Tx0r/iXI6r+lRsdvkFDlut0N08jWMnKRZ6Gkq+Nmw75lZe4e6o3EkSnkaBP5NF6+m5PTGAr9JP43N3LyeoglsA==
    dependencies:
      bn.js "^4.11.8"
      ethereumjs-util "^6.0.0"
  
  ethereumjs-account@^3.0.0:
    version "3.0.0"
    resolved "https://registry.yarnpkg.com/ethereumjs-account/-/ethereumjs-account-3.0.0.tgz#728f060c8e0c6e87f1e987f751d3da25422570a9"
    integrity sha512-WP6BdscjiiPkQfF9PVfMcwx/rDvfZTjFKY0Uwc09zSQr9JfIVH87dYIJu0gNhBhpmovV4yq295fdllS925fnBA==
    dependencies:
      ethereumjs-util "^6.0.0"
      rlp "^2.2.1"
      safe-buffer "^5.1.1"
  
  ethereumjs-block@^2.2.2, ethereumjs-block@~2.2.2:
    version "2.2.2"
    resolved "https://registry.yarnpkg.com/ethereumjs-block/-/ethereumjs-block-2.2.2.tgz#c7654be7e22df489fda206139ecd63e2e9c04965"
    integrity sha512-2p49ifhek3h2zeg/+da6XpdFR3GlqY3BIEiqxGF8j9aSRIgkb7M1Ky+yULBKJOu8PAZxfhsYA+HxUk2aCQp3vg==
    dependencies:
      async "^2.0.1"
      ethereumjs-common "^1.5.0"
      ethereumjs-tx "^2.1.1"
      ethereumjs-util "^5.0.0"
      merkle-patricia-tree "^2.1.2"
  
  ethereumjs-blockchain@^4.0.3:
    version "4.0.3"
    resolved "https://registry.yarnpkg.com/ethereumjs-blockchain/-/ethereumjs-blockchain-4.0.3.tgz#e013034633a30ad2006728e8e2b21956b267b773"
    integrity sha512-0nJWbyA+Gu0ZKZr/cywMtB/77aS/4lOVsIKbgUN2sFQYscXO5rPbUfrEe7G2Zhjp86/a0VqLllemDSTHvx3vZA==
    dependencies:
      async "^2.6.1"
      ethashjs "~0.0.7"
      ethereumjs-block "~2.2.2"
      ethereumjs-common "^1.5.0"
      ethereumjs-util "~6.1.0"
      flow-stoplight "^1.0.0"
      level-mem "^3.0.1"
      lru-cache "^5.1.1"
      rlp "^2.2.2"
      semaphore "^1.1.0"
  
  ethereumjs-common@^1.5.0:
    version "1.5.0"
    resolved "https://registry.yarnpkg.com/ethereumjs-common/-/ethereumjs-common-1.5.0.tgz#d3e82fc7c47c0cef95047f431a99485abc9bb1cd"
    integrity sha512-SZOjgK1356hIY7MRj3/ma5qtfr/4B5BL+G4rP/XSMYr2z1H5el4RX5GReYCKmQmYI/nSBmRnwrZ17IfHuG0viQ==
  
  ethereumjs-tx@^2.1.1, ethereumjs-tx@^2.1.2:
    version "2.1.2"
    resolved "https://registry.yarnpkg.com/ethereumjs-tx/-/ethereumjs-tx-2.1.2.tgz#5dfe7688bf177b45c9a23f86cf9104d47ea35fed"
    integrity sha512-zZEK1onCeiORb0wyCXUvg94Ve5It/K6GD1K+26KfFKodiBiS6d9lfCXlUKGBBdQ+bv7Day+JK0tj1K+BeNFRAw==
    dependencies:
      ethereumjs-common "^1.5.0"
      ethereumjs-util "^6.0.0"
  
  ethereumjs-util@^4.0.1:
    version "4.5.0"
    resolved "https://registry.yarnpkg.com/ethereumjs-util/-/ethereumjs-util-4.5.0.tgz#3e9428b317eebda3d7260d854fddda954b1f1bc6"
    integrity sha1-PpQosxfuvaPXJg2FT93alUsfG8Y=
    dependencies:
      bn.js "^4.8.0"
      create-hash "^1.1.2"
      keccakjs "^0.2.0"
      rlp "^2.0.0"
      secp256k1 "^3.0.1"
  
  ethereumjs-util@^5.0.0:
    version "5.2.0"
    resolved "https://registry.yarnpkg.com/ethereumjs-util/-/ethereumjs-util-5.2.0.tgz#3e0c0d1741471acf1036052d048623dee54ad642"
    integrity sha512-CJAKdI0wgMbQFLlLRtZKGcy/L6pzVRgelIZqRqNbuVFM3K9VEnyfbcvz0ncWMRNCe4kaHWjwRYQcYMucmwsnWA==
    dependencies:
      bn.js "^4.11.0"
      create-hash "^1.1.2"
      ethjs-util "^0.1.3"
      keccak "^1.0.2"
      rlp "^2.0.0"
      safe-buffer "^5.1.1"
      secp256k1 "^3.0.1"
  
  ethereumjs-util@^6.0.0, ethereumjs-util@^6.2.0:
    version "6.2.0"
    resolved "https://registry.yarnpkg.com/ethereumjs-util/-/ethereumjs-util-6.2.0.tgz#23ec79b2488a7d041242f01e25f24e5ad0357960"
    integrity sha512-vb0XN9J2QGdZGIEKG2vXM+kUdEivUfU6Wmi5y0cg+LRhDYKnXIZ/Lz7XjFbHRR9VIKq2lVGLzGBkA++y2nOdOQ==
    dependencies:
      "@types/bn.js" "^4.11.3"
      bn.js "^4.11.0"
      create-hash "^1.1.2"
      ethjs-util "0.1.6"
      keccak "^2.0.0"
      rlp "^2.2.3"
      secp256k1 "^3.0.1"
  
  ethereumjs-util@~6.1.0:
    version "6.1.0"
    resolved "https://registry.yarnpkg.com/ethereumjs-util/-/ethereumjs-util-6.1.0.tgz#e9c51e5549e8ebd757a339cc00f5380507e799c8"
    integrity sha512-URESKMFbDeJxnAxPppnk2fN6Y3BIatn9fwn76Lm8bQlt+s52TpG8dN9M66MLPuRAiAOIqL3dfwqWJf0sd0fL0Q==
    dependencies:
      bn.js "^4.11.0"
      create-hash "^1.1.2"
      ethjs-util "0.1.6"
      keccak "^1.0.2"
      rlp "^2.0.0"
      safe-buffer "^5.1.1"
      secp256k1 "^3.0.1"
  
  ethereumjs-vm@^4.1.3:
    version "4.1.3"
    resolved "https://registry.yarnpkg.com/ethereumjs-vm/-/ethereumjs-vm-4.1.3.tgz#dc8eb45f47d775da9f0b2437d5e20896fdf66f37"
    integrity sha512-RTrD0y7My4O6Qr1P2ZIsMfD6RzL6kU/RhBZ0a5XrPzAeR61crBS7or66ohDrvxDI/rDBxMi+6SnsELih6fzalw==
    dependencies:
      async "^2.1.2"
      async-eventemitter "^0.2.2"
      core-js-pure "^3.0.1"
      ethereumjs-account "^3.0.0"
      ethereumjs-block "^2.2.2"
      ethereumjs-blockchain "^4.0.3"
      ethereumjs-common "^1.5.0"
      ethereumjs-tx "^2.1.2"
      ethereumjs-util "^6.2.0"
      fake-merkle-patricia-tree "^1.0.1"
      functional-red-black-tree "^1.0.1"
      merkle-patricia-tree "^2.3.2"
      rustbn.js "~0.2.0"
      safe-buffer "^5.1.1"
      util.promisify "^1.0.0"
  
  ethjs-util@0.1.6, ethjs-util@^0.1.3:
    version "0.1.6"
    resolved "https://registry.yarnpkg.com/ethjs-util/-/ethjs-util-0.1.6.tgz#f308b62f185f9fe6237132fb2a9818866a5cd536"
    integrity sha512-CUnVOQq7gSpDHZVVrQW8ExxUETWrnrvXYvYz55wOU8Uj4VCgw56XC2B/fVqQN+f7gmrnRHSLVnFAwsCuNwji8w==
    dependencies:
      is-hex-prefixed "1.0.0"
      strip-hex-prefix "1.0.0"
  
  evp_bytestokey@^1.0.3:
    version "1.0.3"
    resolved "https://registry.yarnpkg.com/evp_bytestokey/-/evp_bytestokey-1.0.3.tgz#7fcbdb198dc71959432efe13842684e0525acb02"
    integrity sha512-/f2Go4TognH/KvCISP7OUsHn85hT9nUkxxA9BEWxFn+Oj9o8ZNLm/40hdlgSLyuOimsrTKLUMEorQexp/aPQeA==
    dependencies:
      md5.js "^1.3.4"
      safe-buffer "^5.1.1"
  
  fake-merkle-patricia-tree@^1.0.1:
    version "1.0.1"
    resolved "https://registry.yarnpkg.com/fake-merkle-patricia-tree/-/fake-merkle-patricia-tree-1.0.1.tgz#4b8c3acfb520afadf9860b1f14cd8ce3402cddd3"
    integrity sha1-S4w6z7Ugr635hgsfFM2M40As3dM=
    dependencies:
      checkpoint-store "^1.1.0"
  
  file-uri-to-path@1.0.0:
    version "1.0.0"
    resolved "https://registry.yarnpkg.com/file-uri-to-path/-/file-uri-to-path-1.0.0.tgz#553a7b8446ff6f684359c445f1e37a05dacc33dd"
    integrity sha512-0Zt+s3L7Vf1biwWZ29aARiVYLx7iMGnEUl9x33fbB/j3jR81u/O2LbqK+Bm1CDSNDKVtJ/YjwY7TUd5SkeLQLw==
  
  flow-stoplight@^1.0.0:
    version "1.0.0"
    resolved "https://registry.yarnpkg.com/flow-stoplight/-/flow-stoplight-1.0.0.tgz#4a292c5bcff8b39fa6cc0cb1a853d86f27eeff7b"
    integrity sha1-SiksW8/4s5+mzAyxqFPYbyfu/3s=
  
  function-bind@^1.1.1:
    version "1.1.1"
    resolved "https://registry.yarnpkg.com/function-bind/-/function-bind-1.1.1.tgz#a56899d3ea3c9bab874bb9773b7c5ede92f4895d"
    integrity sha512-yIovAzMX49sF8Yl58fSCWJ5svSLuaibPxXQJFLmBObTuCr0Mf1KiPopGM9NiFjiYBCbfaa2Fh6breQ6ANVTI0A==
  
  functional-red-black-tree@^1.0.1, functional-red-black-tree@~1.0.1:
    version "1.0.1"
    resolved "https://registry.yarnpkg.com/functional-red-black-tree/-/functional-red-black-tree-1.0.1.tgz#1b0ab3bd553b2a0d6399d29c0e3ea0b252078327"
    integrity sha1-GwqzvVU7Kg1jmdKcDj6gslIHgyc=
  
  has-symbols@^1.0.0, has-symbols@^1.0.1:
    version "1.0.1"
    resolved "https://registry.yarnpkg.com/has-symbols/-/has-symbols-1.0.1.tgz#9f5214758a44196c406d9bd76cebf81ec2dd31e8"
    integrity sha512-PLcsoqu++dmEIZB+6totNFKq/7Do+Z0u4oT0zKOJNl3lYK6vGwwu2hjHs+68OEZbTjiUE9bgOABXbP/GvrS0Kg==
  
  has@^1.0.3:
    version "1.0.3"
    resolved "https://registry.yarnpkg.com/has/-/has-1.0.3.tgz#722d7cbfc1f6aa8241f16dd814e011e1f41e8796"
    integrity sha512-f2dvO0VU6Oej7RkWJGrehjbzMAjFp5/VKPp5tTpWIV4JHHZK1/BxbFRtf/siA2SWTe09caDmVtYYzWEIbBS4zw==
    dependencies:
      function-bind "^1.1.1"
  
  hash-base@^3.0.0:
    version "3.0.4"
    resolved "https://registry.yarnpkg.com/hash-base/-/hash-base-3.0.4.tgz#5fc8686847ecd73499403319a6b0a3f3f6ae4918"
    integrity sha1-X8hoaEfs1zSZQDMZprCj8/auSRg=
    dependencies:
      inherits "^2.0.1"
      safe-buffer "^5.0.1"
  
  hash.js@^1.0.0, hash.js@^1.0.3:
    version "1.1.7"
    resolved "https://registry.yarnpkg.com/hash.js/-/hash.js-1.1.7.tgz#0babca538e8d4ee4a0f8988d68866537a003cf42"
    integrity sha512-taOaskGt4z4SOANNseOviYDvjEJinIkRgmp7LbKP2YTTmVxWBl87s/uzK9r+44BclBSp2X7K1hqeNfz9JbBeXA==
    dependencies:
      inherits "^2.0.3"
      minimalistic-assert "^1.0.1"
  
  hmac-drbg@^1.0.0:
    version "1.0.1"
    resolved "https://registry.yarnpkg.com/hmac-drbg/-/hmac-drbg-1.0.1.tgz#d2745701025a6c775a6c545793ed502fc0c649a1"
    integrity sha1-0nRXAQJabHdabFRXk+1QL8DGSaE=
    dependencies:
      hash.js "^1.0.3"
      minimalistic-assert "^1.0.0"
      minimalistic-crypto-utils "^1.0.1"
  
  immediate@^3.2.3, immediate@~3.2.3:
    version "3.2.3"
    resolved "https://registry.yarnpkg.com/immediate/-/immediate-3.2.3.tgz#d140fa8f614659bd6541233097ddaac25cdd991c"
    integrity sha1-0UD6j2FGWb1lQSMwl92qwlzdmRw=
  
  inherits@^2.0.1, inherits@^2.0.3, inherits@^2.0.4, inherits@~2.0.1, inherits@~2.0.3:
    version "2.0.4"
    resolved "https://registry.yarnpkg.com/inherits/-/inherits-2.0.4.tgz#0fa2c64f932917c3433a0ded55363aae37416b7c"
    integrity sha512-k/vGaX4/Yla3WzyMCvTQOXYeIHvqOKtnqBduzTHpzpQZzAskKMhZ2K+EnBiSM9zGSoIFeMpXKxa4dYeZIQqewQ==
  
  is-callable@^1.1.4, is-callable@^1.1.5:
    version "1.1.5"
    resolved "https://registry.yarnpkg.com/is-callable/-/is-callable-1.1.5.tgz#f7e46b596890456db74e7f6e976cb3273d06faab"
    integrity sha512-ESKv5sMCJB2jnHTWZ3O5itG+O128Hsus4K4Qh1h2/cgn2vbgnLSVqfV46AeJA9D5EeeLa9w81KUXMtn34zhX+Q==
  
  is-date-object@^1.0.1:
    version "1.0.2"
    resolved "https://registry.yarnpkg.com/is-date-object/-/is-date-object-1.0.2.tgz#bda736f2cd8fd06d32844e7743bfa7494c3bfd7e"
    integrity sha512-USlDT524woQ08aoZFzh3/Z6ch9Y/EWXEHQ/AaRN0SkKq4t2Jw2R2339tSXmwuVoY7LLlBCbOIlx2myP/L5zk0g==
  
  is-hex-prefixed@1.0.0:
    version "1.0.0"
    resolved "https://registry.yarnpkg.com/is-hex-prefixed/-/is-hex-prefixed-1.0.0.tgz#7d8d37e6ad77e5d127148913c573e082d777f554"
    integrity sha1-fY035q135dEnFIkTxXPggtd39VQ=
  
  is-regex@^1.0.5:
    version "1.0.5"
    resolved "https://registry.yarnpkg.com/is-regex/-/is-regex-1.0.5.tgz#39d589a358bf18967f726967120b8fc1aed74eae"
    integrity sha512-vlKW17SNq44owv5AQR3Cq0bQPEb8+kF3UKZ2fiZNOWtztYE5i0CzCZxFDwO58qAOWtxdBRVO/V5Qin1wjCqFYQ==
    dependencies:
      has "^1.0.3"
  
  is-symbol@^1.0.2:
    version "1.0.3"
    resolved "https://registry.yarnpkg.com/is-symbol/-/is-symbol-1.0.3.tgz#38e1014b9e6329be0de9d24a414fd7441ec61937"
    integrity sha512-OwijhaRSgqvhm/0ZdAcXNZt9lYdKFpcRDT5ULUuYXPoT794UNOdU+gpT6Rzo7b4V2HUl/op6GqY894AZwv9faQ==
    dependencies:
      has-symbols "^1.0.1"
  
  isarray@0.0.1:
    version "0.0.1"
    resolved "https://registry.yarnpkg.com/isarray/-/isarray-0.0.1.tgz#8a18acfca9a8f4177e09abfc6038939b05d1eedf"
    integrity sha1-ihis/Kmo9Bd+Cav8YDiTmwXR7t8=
  
  isarray@~1.0.0:
    version "1.0.0"
    resolved "https://registry.yarnpkg.com/isarray/-/isarray-1.0.0.tgz#bb935d48582cba168c06834957a54a3e07124f11"
    integrity sha1-u5NdSFgsuhaMBoNJV6VKPgcSTxE=
  
  js-sha3@^0.6.1:
    version "0.6.1"
    resolved "https://registry.yarnpkg.com/js-sha3/-/js-sha3-0.6.1.tgz#5b89f77a7477679877f58c4a075240934b1f95c0"
    integrity sha1-W4n3enR3Z5h39YxKB1JAk0sflcA=
  
  keccak@^1.0.2:
    version "1.4.0"
    resolved "https://registry.yarnpkg.com/keccak/-/keccak-1.4.0.tgz#572f8a6dbee8e7b3aa421550f9e6408ca2186f80"
    integrity sha512-eZVaCpblK5formjPjeTBik7TAg+pqnDrMHIffSvi9Lh7PQgM1+hSzakUeZFCk9DVVG0dacZJuaz2ntwlzZUIBw==
    dependencies:
      bindings "^1.2.1"
      inherits "^2.0.3"
      nan "^2.2.1"
      safe-buffer "^5.1.0"
  
  keccak@^2.0.0:
    version "2.1.0"
    resolved "https://registry.yarnpkg.com/keccak/-/keccak-2.1.0.tgz#734ea53f2edcfd0f42cdb8d5f4c358fef052752b"
    integrity sha512-m1wbJRTo+gWbctZWay9i26v5fFnYkOn7D5PCxJ3fZUGUEb49dE1Pm4BREUYCt/aoO6di7jeoGmhvqN9Nzylm3Q==
    dependencies:
      bindings "^1.5.0"
      inherits "^2.0.4"
      nan "^2.14.0"
      safe-buffer "^5.2.0"
  
  keccakjs@^0.2.0:
    version "0.2.3"
    resolved "https://registry.yarnpkg.com/keccakjs/-/keccakjs-0.2.3.tgz#5e4e969ce39689a3861f445d7752ee3477f9fe72"
    integrity sha512-BjLkNDcfaZ6l8HBG9tH0tpmDv3sS2mA7FNQxFHpCdzP3Gb2MVruXBSuoM66SnVxKJpAr5dKGdkHD+bDokt8fTg==
    dependencies:
      browserify-sha3 "^0.0.4"
      sha3 "^1.2.2"
  
  level-codec@^9.0.0:
    version "9.0.1"
    resolved "https://registry.yarnpkg.com/level-codec/-/level-codec-9.0.1.tgz#042f4aa85e56d4328ace368c950811ba802b7247"
    integrity sha512-ajFP0kJ+nyq4i6kptSM+mAvJKLOg1X5FiFPtLG9M5gCEZyBmgDi3FkDrvlMkEzrUn1cWxtvVmrvoS4ASyO/q+Q==
  
  level-codec@~7.0.0:
    version "7.0.1"
    resolved "https://registry.yarnpkg.com/level-codec/-/level-codec-7.0.1.tgz#341f22f907ce0f16763f24bddd681e395a0fb8a7"
    integrity sha512-Ua/R9B9r3RasXdRmOtd+t9TCOEIIlts+TN/7XTT2unhDaL6sJn83S3rUyljbr6lVtw49N3/yA0HHjpV6Kzb2aQ==
  
  level-errors@^1.0.3:
    version "1.1.2"
    resolved "https://registry.yarnpkg.com/level-errors/-/level-errors-1.1.2.tgz#4399c2f3d3ab87d0625f7e3676e2d807deff404d"
    integrity sha512-Sw/IJwWbPKF5Ai4Wz60B52yj0zYeqzObLh8k1Tk88jVmD51cJSKWSYpRyhVIvFzZdvsPqlH5wfhp/yxdsaQH4w==
    dependencies:
      errno "~0.1.1"
  
  level-errors@^2.0.0, level-errors@~2.0.0:
    version "2.0.1"
    resolved "https://registry.yarnpkg.com/level-errors/-/level-errors-2.0.1.tgz#2132a677bf4e679ce029f517c2f17432800c05c8"
    integrity sha512-UVprBJXite4gPS+3VznfgDSU8PTRuVX0NXwoWW50KLxd2yw4Y1t2JUR5In1itQnudZqRMT9DlAM3Q//9NCjCFw==
    dependencies:
      errno "~0.1.1"
  
  level-errors@~1.0.3:
    version "1.0.5"
    resolved "https://registry.yarnpkg.com/level-errors/-/level-errors-1.0.5.tgz#83dbfb12f0b8a2516bdc9a31c4876038e227b859"
    integrity sha512-/cLUpQduF6bNrWuAC4pwtUKA5t669pCsCi2XbmojG2tFeOr9j6ShtdDCtFFQO1DRt+EVZhx9gPzP9G2bUaG4ig==
    dependencies:
      errno "~0.1.1"
  
  level-iterator-stream@~1.3.0:
    version "1.3.1"
    resolved "https://registry.yarnpkg.com/level-iterator-stream/-/level-iterator-stream-1.3.1.tgz#e43b78b1a8143e6fa97a4f485eb8ea530352f2ed"
    integrity sha1-5Dt4sagUPm+pek9IXrjqUwNS8u0=
    dependencies:
      inherits "^2.0.1"
      level-errors "^1.0.3"
      readable-stream "^1.0.33"
      xtend "^4.0.0"
  
  level-iterator-stream@~3.0.0:
    version "3.0.1"
    resolved "https://registry.yarnpkg.com/level-iterator-stream/-/level-iterator-stream-3.0.1.tgz#2c98a4f8820d87cdacab3132506815419077c730"
    integrity sha512-nEIQvxEED9yRThxvOrq8Aqziy4EGzrxSZK+QzEFAVuJvQ8glfyZ96GB6BoI4sBbLfjMXm2w4vu3Tkcm9obcY0g==
    dependencies:
      inherits "^2.0.1"
      readable-stream "^2.3.6"
      xtend "^4.0.0"
  
  level-mem@^3.0.1:
    version "3.0.1"
    resolved "https://registry.yarnpkg.com/level-mem/-/level-mem-3.0.1.tgz#7ce8cf256eac40f716eb6489654726247f5a89e5"
    integrity sha512-LbtfK9+3Ug1UmvvhR2DqLqXiPW1OJ5jEh0a3m9ZgAipiwpSxGj/qaVVy54RG5vAQN1nCuXqjvprCuKSCxcJHBg==
    dependencies:
      level-packager "~4.0.0"
      memdown "~3.0.0"
  
  level-packager@~4.0.0:
    version "4.0.1"
    resolved "https://registry.yarnpkg.com/level-packager/-/level-packager-4.0.1.tgz#7e7d3016af005be0869bc5fa8de93d2a7f56ffe6"
    integrity sha512-svCRKfYLn9/4CoFfi+d8krOtrp6RoX8+xm0Na5cgXMqSyRru0AnDYdLl+YI8u1FyS6gGZ94ILLZDE5dh2but3Q==
    dependencies:
      encoding-down "~5.0.0"
      levelup "^3.0.0"
  
  level-ws@0.0.0:
    version "0.0.0"
    resolved "https://registry.yarnpkg.com/level-ws/-/level-ws-0.0.0.tgz#372e512177924a00424b0b43aef2bb42496d228b"
    integrity sha1-Ny5RIXeSSgBCSwtDrvK7QkltIos=
    dependencies:
      readable-stream "~1.0.15"
      xtend "~2.1.1"
  
  levelup@^1.2.1:
    version "1.3.9"
    resolved "https://registry.yarnpkg.com/levelup/-/levelup-1.3.9.tgz#2dbcae845b2bb2b6bea84df334c475533bbd82ab"
    integrity sha512-VVGHfKIlmw8w1XqpGOAGwq6sZm2WwWLmlDcULkKWQXEA5EopA8OBNJ2Ck2v6bdk8HeEZSbCSEgzXadyQFm76sQ==
    dependencies:
      deferred-leveldown "~1.2.1"
      level-codec "~7.0.0"
      level-errors "~1.0.3"
      level-iterator-stream "~1.3.0"
      prr "~1.0.1"
      semver "~5.4.1"
      xtend "~4.0.0"
  
  levelup@^3.0.0:
    version "3.1.1"
    resolved "https://registry.yarnpkg.com/levelup/-/levelup-3.1.1.tgz#c2c0b3be2b4dc316647c53b42e2f559e232d2189"
    integrity sha512-9N10xRkUU4dShSRRFTBdNaBxofz+PGaIZO962ckboJZiNmLuhVT6FZ6ZKAsICKfUBO76ySaYU6fJWX/jnj3Lcg==
    dependencies:
      deferred-leveldown "~4.0.0"
      level-errors "~2.0.0"
      level-iterator-stream "~3.0.0"
      xtend "~4.0.0"
  
  lodash@^4.17.14:
    version "4.17.15"
    resolved "https://registry.yarnpkg.com/lodash/-/lodash-4.17.15.tgz#b447f6670a0455bbfeedd11392eff330ea097548"
    integrity sha512-8xOcRHvCjnocdS5cpwXQXVzmmh5e5+saE2QGoeQmbKmRS6J3VQppPOIt0MnmE+4xlZoumy0GPG0D0MVIQbNA1A==
  
  lru-cache@^5.1.1:
    version "5.1.1"
    resolved "https://registry.yarnpkg.com/lru-cache/-/lru-cache-5.1.1.tgz#1da27e6710271947695daf6848e847f01d84b920"
    integrity sha512-KpNARQA3Iwv+jTA0utUVVbrh+Jlrr1Fv0e56GGzAFOXN7dk/FviaDW8LHmK52DlcH4WP2n6gI8vN1aesBFgo9w==
    dependencies:
      yallist "^3.0.2"
  
  ltgt@~2.2.0:
    version "2.2.1"
    resolved "https://registry.yarnpkg.com/ltgt/-/ltgt-2.2.1.tgz#f35ca91c493f7b73da0e07495304f17b31f87ee5"
    integrity sha1-81ypHEk/e3PaDgdJUwTxezH4fuU=
  
  md5.js@^1.3.4:
    version "1.3.5"
    resolved "https://registry.yarnpkg.com/md5.js/-/md5.js-1.3.5.tgz#b5d07b8e3216e3e27cd728d72f70d1e6a342005f"
    integrity sha512-xitP+WxNPcTTOgnTJcrhM0xvdPepipPSf3I8EIpGKeFLjt3PlJLIDG3u8EX53ZIubkb+5U2+3rELYpEhHhzdkg==
    dependencies:
      hash-base "^3.0.0"
      inherits "^2.0.1"
      safe-buffer "^5.1.2"
  
  memdown@^1.0.0:
    version "1.4.1"
    resolved "https://registry.yarnpkg.com/memdown/-/memdown-1.4.1.tgz#b4e4e192174664ffbae41361aa500f3119efe215"
    integrity sha1-tOThkhdGZP+65BNhqlAPMRnv4hU=
    dependencies:
      abstract-leveldown "~2.7.1"
      functional-red-black-tree "^1.0.1"
      immediate "^3.2.3"
      inherits "~2.0.1"
      ltgt "~2.2.0"
      safe-buffer "~5.1.1"
  
  memdown@~3.0.0:
    version "3.0.0"
    resolved "https://registry.yarnpkg.com/memdown/-/memdown-3.0.0.tgz#93aca055d743b20efc37492e9e399784f2958309"
    integrity sha512-tbV02LfZMWLcHcq4tw++NuqMO+FZX8tNJEiD2aNRm48ZZusVg5N8NART+dmBkepJVye986oixErf7jfXboMGMA==
    dependencies:
      abstract-leveldown "~5.0.0"
      functional-red-black-tree "~1.0.1"
      immediate "~3.2.3"
      inherits "~2.0.1"
      ltgt "~2.2.0"
      safe-buffer "~5.1.1"
  
  merkle-patricia-tree@^2.1.2, merkle-patricia-tree@^2.3.2:
    version "2.3.2"
    resolved "https://registry.yarnpkg.com/merkle-patricia-tree/-/merkle-patricia-tree-2.3.2.tgz#982ca1b5a0fde00eed2f6aeed1f9152860b8208a"
    integrity sha512-81PW5m8oz/pz3GvsAwbauj7Y00rqm81Tzad77tHBwU7pIAtN+TJnMSOJhxBKflSVYhptMMb9RskhqHqrSm1V+g==
    dependencies:
      async "^1.4.2"
      ethereumjs-util "^5.0.0"
      level-ws "0.0.0"
      levelup "^1.2.1"
      memdown "^1.0.0"
      readable-stream "^2.0.0"
      rlp "^2.0.0"
      semaphore ">=1.0.1"
  
  miller-rabin@^4.0.0:
    version "4.0.1"
    resolved "https://registry.yarnpkg.com/miller-rabin/-/miller-rabin-4.0.1.tgz#f080351c865b0dc562a8462966daa53543c78a4d"
    integrity sha512-115fLhvZVqWwHPbClyntxEVfVDfl9DLLTuJvq3g2O/Oxi8AiNouAHvDSzHS0viUJc+V5vm3eq91Xwqn9dp4jRA==
    dependencies:
      bn.js "^4.0.0"
      brorand "^1.0.1"
  
  minimalistic-assert@^1.0.0, minimalistic-assert@^1.0.1:
    version "1.0.1"
    resolved "https://registry.yarnpkg.com/minimalistic-assert/-/minimalistic-assert-1.0.1.tgz#2e194de044626d4a10e7f7fbc00ce73e83e4d5c7"
    integrity sha512-UtJcAD4yEaGtjPezWuO9wC4nwUnVH/8/Im3yEHQP4b67cXlD/Qr9hdITCU1xDbSEXg2XKNaP8jsReV7vQd00/A==
  
  minimalistic-crypto-utils@^1.0.0, minimalistic-crypto-utils@^1.0.1:
    version "1.0.1"
    resolved "https://registry.yarnpkg.com/minimalistic-crypto-utils/-/minimalistic-crypto-utils-1.0.1.tgz#f6c00c1c0b082246e5c4d99dfb8c7c083b2b582a"
    integrity sha1-9sAMHAsIIkblxNmd+4x8CDsrWCo=
  
  nan@2.13.2:
    version "2.13.2"
    resolved "https://registry.yarnpkg.com/nan/-/nan-2.13.2.tgz#f51dc7ae66ba7d5d55e1e6d4d8092e802c9aefe7"
    integrity sha512-TghvYc72wlMGMVMluVo9WRJc0mB8KxxF/gZ4YYFy7V2ZQX9l7rgbPg7vjS9mt6U5HXODVFVI2bOduCzwOMv/lw==
  
  nan@^2.14.0, nan@^2.2.1:
    version "2.14.0"
    resolved "https://registry.yarnpkg.com/nan/-/nan-2.14.0.tgz#7818f722027b2459a86f0295d434d1fc2336c52c"
    integrity sha512-INOFj37C7k3AfaNTtX8RhsTw7qRy7eLET14cROi9+5HAVbbHuIWUHEauBv5qT4Av2tWasiTY1Jw6puUNqRJXQg==
  
  object-inspect@^1.7.0:
    version "1.7.0"
    resolved "https://registry.yarnpkg.com/object-inspect/-/object-inspect-1.7.0.tgz#f4f6bd181ad77f006b5ece60bd0b6f398ff74a67"
    integrity sha512-a7pEHdh1xKIAgTySUGgLMx/xwDZskN1Ud6egYYN3EdRW4ZMPNEDUTF+hwy2LUC+Bl+SyLXANnwz/jyh/qutKUw==
  
  object-keys@^1.0.11, object-keys@^1.0.12, object-keys@^1.1.1:
    version "1.1.1"
    resolved "https://registry.yarnpkg.com/object-keys/-/object-keys-1.1.1.tgz#1c47f272df277f3b1daf061677d9c82e2322c60e"
    integrity sha512-NuAESUOUMrlIXOfHKzD6bpPu3tYt3xvjNdRIQ+FeT0lNb4K8WR70CaDxhuNguS2XG+GjkyMwOzsN5ZktImfhLA==
  
  object-keys@~0.4.0:
    version "0.4.0"
    resolved "https://registry.yarnpkg.com/object-keys/-/object-keys-0.4.0.tgz#28a6aae7428dd2c3a92f3d95f21335dd204e0336"
    integrity sha1-KKaq50KN0sOpLz2V8hM13SBOAzY=
  
  object.assign@^4.1.0:
    version "4.1.0"
    resolved "https://registry.yarnpkg.com/object.assign/-/object.assign-4.1.0.tgz#968bf1100d7956bb3ca086f006f846b3bc4008da"
    integrity sha512-exHJeq6kBKj58mqGyTQ9DFvrZC/eR6OwxzoM9YRoGBqrXYonaFyGiFMuc9VZrXf7DarreEwMpurG3dd+CNyW5w==
    dependencies:
      define-properties "^1.1.2"
      function-bind "^1.1.1"
      has-symbols "^1.0.0"
      object-keys "^1.0.11"
  
  object.getownpropertydescriptors@^2.1.0:
    version "2.1.0"
    resolved "https://registry.yarnpkg.com/object.getownpropertydescriptors/-/object.getownpropertydescriptors-2.1.0.tgz#369bf1f9592d8ab89d712dced5cb81c7c5352649"
    integrity sha512-Z53Oah9A3TdLoblT7VKJaTDdXdT+lQO+cNpKVnya5JDe9uLvzu1YyY1yFDFrcxrlRgWrEFH0jJtD/IbuwjcEVg==
    dependencies:
      define-properties "^1.1.3"
      es-abstract "^1.17.0-next.1"
  
  process-nextick-args@~2.0.0:
    version "2.0.1"
    resolved "https://registry.yarnpkg.com/process-nextick-args/-/process-nextick-args-2.0.1.tgz#7820d9b16120cc55ca9ae7792680ae7dba6d7fe2"
    integrity sha512-3ouUOpQhtgrbOa17J7+uxOTpITYWaGP7/AhoR3+A+/1e9skrzelGi/dXzEYyvbxubEF6Wn2ypscTKiKJFFn1ag==
  
  prr@~1.0.1:
    version "1.0.1"
    resolved "https://registry.yarnpkg.com/prr/-/prr-1.0.1.tgz#d3fc114ba06995a45ec6893f484ceb1d78f5f476"
    integrity sha1-0/wRS6BplaRexok/SEzrHXj19HY=
  
  readable-stream@^1.0.33:
    version "1.1.14"
    resolved "https://registry.yarnpkg.com/readable-stream/-/readable-stream-1.1.14.tgz#7cf4c54ef648e3813084c636dd2079e166c081d9"
    integrity sha1-fPTFTvZI44EwhMY23SB54WbAgdk=
    dependencies:
      core-util-is "~1.0.0"
      inherits "~2.0.1"
      isarray "0.0.1"
      string_decoder "~0.10.x"
  
  readable-stream@^2.0.0, readable-stream@^2.3.6:
    version "2.3.7"
    resolved "https://registry.yarnpkg.com/readable-stream/-/readable-stream-2.3.7.tgz#1eca1cf711aef814c04f62252a36a62f6cb23b57"
    integrity sha512-Ebho8K4jIbHAxnuxi7o42OrZgF/ZTNcsZj6nRKyUmkhLFq8CHItp/fy6hQZuZmP/n3yZ9VBUbp4zz/mX8hmYPw==
    dependencies:
      core-util-is "~1.0.0"
      inherits "~2.0.3"
      isarray "~1.0.0"
      process-nextick-args "~2.0.0"
      safe-buffer "~5.1.1"
      string_decoder "~1.1.1"
      util-deprecate "~1.0.1"
  
  readable-stream@~1.0.15:
    version "1.0.34"
    resolved "https://registry.yarnpkg.com/readable-stream/-/readable-stream-1.0.34.tgz#125820e34bc842d2f2aaafafe4c2916ee32c157c"
    integrity sha1-Elgg40vIQtLyqq+v5MKRbuMsFXw=
    dependencies:
      core-util-is "~1.0.0"
      inherits "~2.0.1"
      isarray "0.0.1"
      string_decoder "~0.10.x"
  
  ripemd160@^2.0.0, ripemd160@^2.0.1:
    version "2.0.2"
    resolved "https://registry.yarnpkg.com/ripemd160/-/ripemd160-2.0.2.tgz#a1c1a6f624751577ba5d07914cbc92850585890c"
    integrity sha512-ii4iagi25WusVoiC4B4lq7pbXfAp3D9v5CwfkY33vffw2+pkDjY1D8GaN7spsxvCSx8dkPqOZCEZyfxcmJG2IA==
    dependencies:
      hash-base "^3.0.0"
      inherits "^2.0.1"
  
  rlp@^2.0.0, rlp@^2.2.1, rlp@^2.2.2, rlp@^2.2.3:
    version "2.2.4"
    resolved "https://registry.yarnpkg.com/rlp/-/rlp-2.2.4.tgz#d6b0e1659e9285fc509a5d169a9bd06f704951c1"
    integrity sha512-fdq2yYCWpAQBhwkZv+Z8o/Z4sPmYm1CUq6P7n6lVTOdb949CnqA0sndXal5C1NleSVSZm6q5F3iEbauyVln/iw==
    dependencies:
      bn.js "^4.11.1"
  
  rustbn.js@~0.2.0:
    version "0.2.0"
    resolved "https://registry.yarnpkg.com/rustbn.js/-/rustbn.js-0.2.0.tgz#8082cb886e707155fd1cb6f23bd591ab8d55d0ca"
    integrity sha512-4VlvkRUuCJvr2J6Y0ImW7NvTCriMi7ErOAqWk1y69vAdoNIzCF3yPmgeNzx+RQTLEDFq5sHfscn1MwHxP9hNfA==
  
  safe-buffer@^5.0.1, safe-buffer@^5.1.0, safe-buffer@^5.1.1, safe-buffer@^5.1.2, safe-buffer@^5.2.0:
    version "5.2.0"
    resolved "https://registry.yarnpkg.com/safe-buffer/-/safe-buffer-5.2.0.tgz#b74daec49b1148f88c64b68d49b1e815c1f2f519"
    integrity sha512-fZEwUGbVl7kouZs1jCdMLdt95hdIv0ZeHg6L7qPeciMZhZ+/gdesW4wgTARkrFWEpspjEATAzUGPG8N2jJiwbg==
  
  safe-buffer@~5.1.0, safe-buffer@~5.1.1:
    version "5.1.2"
    resolved "https://registry.yarnpkg.com/safe-buffer/-/safe-buffer-5.1.2.tgz#991ec69d296e0313747d59bdfd2b745c35f8828d"
    integrity sha512-Gd2UZBJDkXlY7GbJxfsE8/nvKkUEU1G38c1siN6QP6a9PT9MmHB8GnpscSmMJSoF8LOIrt8ud/wPtojys4G6+g==
  
  secp256k1@^3.0.1:
    version "3.8.0"
    resolved "https://registry.yarnpkg.com/secp256k1/-/secp256k1-3.8.0.tgz#28f59f4b01dbee9575f56a47034b7d2e3b3b352d"
    integrity sha512-k5ke5avRZbtl9Tqx/SA7CbY3NF6Ro+Sj9cZxezFzuBlLDmyqPiL8hJJ+EmzD8Ig4LUDByHJ3/iPOVoRixs/hmw==
    dependencies:
      bindings "^1.5.0"
      bip66 "^1.1.5"
      bn.js "^4.11.8"
      create-hash "^1.2.0"
      drbg.js "^1.0.1"
      elliptic "^6.5.2"
      nan "^2.14.0"
      safe-buffer "^5.1.2"
  
  semaphore@>=1.0.1, semaphore@^1.1.0:
    version "1.1.0"
    resolved "https://registry.yarnpkg.com/semaphore/-/semaphore-1.1.0.tgz#aaad8b86b20fe8e9b32b16dc2ee682a8cd26a8aa"
    integrity sha512-O4OZEaNtkMd/K0i6js9SL+gqy0ZCBMgUvlSqHKi4IBdjhe7wB8pwztUk1BbZ1fmrvpwFrPbHzqd2w5pTcJH6LA==
  
  semver@~5.4.1:
    version "5.4.1"
    resolved "https://registry.yarnpkg.com/semver/-/semver-5.4.1.tgz#e059c09d8571f0540823733433505d3a2f00b18e"
    integrity sha512-WfG/X9+oATh81XtllIo/I8gOiY9EXRdv1cQdyykeXK17YcUW3EXUAi2To4pcH6nZtJPr7ZOpM5OMyWJZm+8Rsg==
  
  sha.js@^2.4.0, sha.js@^2.4.8:
    version "2.4.11"
    resolved "https://registry.yarnpkg.com/sha.js/-/sha.js-2.4.11.tgz#37a5cf0b81ecbc6943de109ba2960d1b26584ae7"
    integrity sha512-QMEp5B7cftE7APOjk5Y6xgrbWu+WkLVQwk8JNjZ8nKRciZaByEW6MubieAiToS7+dwvrjGhH8jRXz3MVd0AYqQ==
    dependencies:
      inherits "^2.0.1"
      safe-buffer "^5.0.1"
  
  sha3@^1.2.2:
    version "1.2.6"
    resolved "https://registry.yarnpkg.com/sha3/-/sha3-1.2.6.tgz#102aa3e47dc793e2357902c3cce8760822f9e905"
    integrity sha512-KgLGmJGrmNB4JWVsAV11Yk6KbvsAiygWJc7t5IebWva/0NukNrjJqhtKhzy3Eiv2AKuGvhZZt7dt1mDo7HkoiQ==
    dependencies:
      nan "2.13.2"
  
  string.prototype.trimleft@^2.1.1:
    version "2.1.1"
    resolved "https://registry.yarnpkg.com/string.prototype.trimleft/-/string.prototype.trimleft-2.1.1.tgz#9bdb8ac6abd6d602b17a4ed321870d2f8dcefc74"
    integrity sha512-iu2AGd3PuP5Rp7x2kEZCrB2Nf41ehzh+goo8TV7z8/XDBbsvc6HQIlUl9RjkZ4oyrW1XM5UwlGl1oVEaDjg6Ag==
    dependencies:
      define-properties "^1.1.3"
      function-bind "^1.1.1"
  
  string.prototype.trimright@^2.1.1:
    version "2.1.1"
    resolved "https://registry.yarnpkg.com/string.prototype.trimright/-/string.prototype.trimright-2.1.1.tgz#440314b15996c866ce8a0341894d45186200c5d9"
    integrity sha512-qFvWL3/+QIgZXVmJBfpHmxLB7xsUXz6HsUmP8+5dRaC3Q7oKUv9Vo6aMCRZC1smrtyECFsIT30PqBJ1gTjAs+g==
    dependencies:
      define-properties "^1.1.3"
      function-bind "^1.1.1"
  
  string_decoder@~0.10.x:
    version "0.10.31"
    resolved "https://registry.yarnpkg.com/string_decoder/-/string_decoder-0.10.31.tgz#62e203bc41766c6c28c9fc84301dab1c5310fa94"
    integrity sha1-YuIDvEF2bGwoyfyEMB2rHFMQ+pQ=
  
  string_decoder@~1.1.1:
    version "1.1.1"
    resolved "https://registry.yarnpkg.com/string_decoder/-/string_decoder-1.1.1.tgz#9cf1611ba62685d7030ae9e4ba34149c3af03fc8"
    integrity sha512-n/ShnvDi6FHbbVfviro+WojiFzv+s8MPMHBczVePfUpDJLwoLT0ht1l4YwBCbi8pJAveEEdnkHyPyTP/mzRfwg==
    dependencies:
      safe-buffer "~5.1.0"
  
  strip-hex-prefix@1.0.0:
    version "1.0.0"
    resolved "https://registry.yarnpkg.com/strip-hex-prefix/-/strip-hex-prefix-1.0.0.tgz#0c5f155fef1151373377de9dbb588da05500e36f"
    integrity sha1-DF8VX+8RUTczd96du1iNoFUA428=
    dependencies:
      is-hex-prefixed "1.0.0"
  
  util-deprecate@~1.0.1:
    version "1.0.2"
    resolved "https://registry.yarnpkg.com/util-deprecate/-/util-deprecate-1.0.2.tgz#450d4dc9fa70de732762fbd2d4a28981419a0ccf"
    integrity sha1-RQ1Nyfpw3nMnYvvS1KKJgUGaDM8=
  
  util.promisify@^1.0.0:
    version "1.0.1"
    resolved "https://registry.yarnpkg.com/util.promisify/-/util.promisify-1.0.1.tgz#6baf7774b80eeb0f7520d8b81d07982a59abbaee"
    integrity sha512-g9JpC/3He3bm38zsLupWryXHoEcS22YHthuPQSJdMy6KNrzIRzWqcsHzD/WUnqe45whVou4VIsPew37DoXWNrA==
    dependencies:
      define-properties "^1.1.3"
      es-abstract "^1.17.2"
      has-symbols "^1.0.1"
      object.getownpropertydescriptors "^2.1.0"
  
  xtend@^4.0.0, xtend@^4.0.1, xtend@~4.0.0:
    version "4.0.2"
    resolved "https://registry.yarnpkg.com/xtend/-/xtend-4.0.2.tgz#bb72779f5fa465186b1f438f674fa347fdb5db54"
    integrity sha512-LKYU1iAXJXUgAXn9URjiu+MWhyUXHsvfp7mcuYm9dSUKK0/CjtrUwFAxD82/mCWbtLsGjFIad0wIsod4zrTAEQ==
  
  xtend@~2.1.1:
    version "2.1.2"
    resolved "https://registry.yarnpkg.com/xtend/-/xtend-2.1.2.tgz#6efecc2a4dad8e6962c4901b337ce7ba87b5d28b"
    integrity sha1-bv7MKk2tjmlixJAbM3znuoe10os=
    dependencies:
      object-keys "~0.4.0"
  
  yallist@^3.0.2:
    version "3.1.1"
    resolved "https://registry.yarnpkg.com/yallist/-/yallist-3.1.1.tgz#dbb7daf9bfd8bac9ab45ebf602b8cbad0d5d08fd"
    integrity sha512-a4UGQaWPH59mOXUYnAG2ewncQS4i4F43Tv3JoAM+s2VDAmS9NsK8GpDMLrCHPksFT7h3K6TOoUNn2pb7RoXx4g==
